d:\projekte\filetransfer\x64\release\vc143.pdb
d:\projekte\filetransfer\x64\release\filetransfer.nativecodeanalysis.sarif
d:\projekte\filetransfer\x64\release\filetransfer.nativecodeanalysis.xml
d:\projekte\filetransfer\x64\release\remotefile.nativecodeanalysis.sarif
d:\projekte\filetransfer\x64\release\remotefile.nativecodeanalysis.xml
d:\projekte\filetransfer\x64\release\remotedirectory.nativecodeanalysis.sarif
d:\projekte\filetransfer\x64\release\remotedirectory.nativecodeanalysis.xml
d:\projekte\filetransfer\x64\release\curleasyhandle.nativecodeanalysis.sarif
d:\projekte\filetransfer\x64\release\curleasyhandle.nativecodeanalysis.xml
d:\projekte\filetransfer\x64\release\growablestringbuffer.nativecodeanalysis.sarif
d:\projekte\filetransfer\x64\release\growablestringbuffer.nativecodeanalysis.xml
d:\projekte\filetransfer\x64\release\hostdirectory.nativecodeanalysis.sarif
d:\projekte\filetransfer\x64\release\hostdirectory.nativecodeanalysis.xml
d:\projekte\filetransfer\x64\release\growablebuffer.nativecodeanalysis.sarif
d:\projekte\filetransfer\x64\release\growablebuffer.nativecodeanalysis.xml
d:\projekte\filetransfer\x64\release\managedirectories.nativecodeanalysis.sarif
d:\projekte\filetransfer\x64\release\managedirectories.nativecodeanalysis.xml
d:\projekte\filetransfer\x64\release\managedirectories.obj
d:\projekte\filetransfer\x64\release\growablebuffer.obj
d:\projekte\filetransfer\x64\release\hostdirectory.obj
d:\projekte\filetransfer\x64\release\growablestringbuffer.obj
d:\projekte\filetransfer\x64\release\curleasyhandle.obj
d:\projekte\filetransfer\x64\release\remotedirectory.obj
d:\projekte\filetransfer\x64\release\remotefile.obj
d:\projekte\filetransfer\x64\release\filetransfer.obj
d:\projekte\filetransfer\x64\release\filetransfer.exe
d:\projekte\filetransfer\x64\release\filetransfer.pdb
d:\projekte\filetransfer\x64\release\filetransfer.ipdb
d:\projekte\filetransfer\x64\release\filetransfer.iobj
d:\projekte\filetransfer\x64\release\vc.nativecodeanalysis.all.xml
d:\projekte\filetransfer\x64\release\filetransfer.tlog\cl.command.1.tlog
d:\projekte\filetransfer\x64\release\filetransfer.tlog\cl.read.1.tlog
d:\projekte\filetransfer\x64\release\filetransfer.tlog\cl.write.1.tlog
d:\projekte\filetransfer\x64\release\filetransfer.tlog\link.command.1.tlog
d:\projekte\filetransfer\x64\release\filetransfer.tlog\link.read.1.tlog
d:\projekte\filetransfer\x64\release\filetransfer.tlog\link.write.1.tlog
d:\projekte\filetransfer\x64\release\filetransfer.tlog\link.write.2u.tlog
